build/app/intermediates/manifest_merge_blame_file/debug/manifest-merger-blame-debug-report.txt
1<?xml version="1.0" encoding="utf-8"?>
2<manifest xmlns:android="http://schemas.android.com/apk/res/android"
3    package="com.waterdrinkreminder"
4    android:versionCode="1"
5    android:versionName="1.0.0" >
6
7    <uses-sdk
8        android:minSdkVersion="21"
9        android:targetSdkVersion="30" />
10    <!--
11         Flutter needs it to communicate with the running application
12         to allow setting breakpoints, to provide hot reload, etc.
13    -->
14    <uses-permission android:name="android.permission.INTERNET" />
14-->src\main\AndroidManifest.xml:4:5-67
14-->src\main\AndroidManifest.xml:4:22-64
15    <uses-permission android:name="android.permission.ACCESS_NETWORK_STATE" />
15-->src\main\AndroidManifest.xml:5:5-79
15-->src\main\AndroidManifest.xml:5:22-76
16    <uses-permission android:name="android.permission.RECEIVE_BOOT_COMPLETED" />
16-->src\main\AndroidManifest.xml:6:5-81
16-->src\main\AndroidManifest.xml:6:22-78
17    <uses-permission android:name="android.permission.READ_EXTERNAL_STORAGE" />
17-->src\main\AndroidManifest.xml:7:5-80
17-->src\main\AndroidManifest.xml:7:22-77
18    <uses-permission android:name="android.permission.WRITE_EXTERNAL_STORAGE" />
18-->src\main\AndroidManifest.xml:8:5-81
18-->src\main\AndroidManifest.xml:8:22-78
19    <uses-permission android:name="android.permission.WAKE_LOCK" />
19-->src\main\AndroidManifest.xml:9:5-67
19-->src\main\AndroidManifest.xml:9:22-65
20    <uses-permission android:name="android.permission.REQUEST_IGNORE_BATTERY_OPTIMIZATIONS" />
20-->src\main\AndroidManifest.xml:10:5-94
20-->src\main\AndroidManifest.xml:10:22-92
21    <uses-permission android:name="android.permission.CAMERA" />
21-->src\main\AndroidManifest.xml:12:5-65
21-->src\main\AndroidManifest.xml:12:22-62
22
23    <uses-feature android:name="android.hardware.camera" />
23-->src\main\AndroidManifest.xml:13:5-60
23-->src\main\AndroidManifest.xml:13:19-57
24
25    <uses-permission android:name="android.permission.VIBRATE" />
25-->[:flutter_local_notifications] AndroidManifest.xml:8:5-66
25-->[:flutter_local_notifications] AndroidManifest.xml:8:22-63
26    <uses-permission android:name="android.permission.USE_FULL_SCREEN_INTENT" />
26-->[:flutter_local_notifications] AndroidManifest.xml:9:5-81
26-->[:flutter_local_notifications] AndroidManifest.xml:9:22-78
27    <uses-permission android:name="android.permission.RECORD_AUDIO" /> <!-- Permission will be merged into the manifest of the hosting app. -->
27-->[:camera] AndroidManifest.xml:8:5-71
27-->[:camera] AndroidManifest.xml:8:22-68
28    <!-- Is required to launch foreground extraction service for targetSdkVersion 28+. -->
29    <uses-permission android:name="android.permission.FOREGROUND_SERVICE" />
29-->[com.google.android.play:core:1.8.0] AndroidManifest.xml:8:3-74
29-->[com.google.android.play:core:1.8.0] AndroidManifest.xml:8:20-72
30
31    <application
31-->src\main\AndroidManifest.xml:15:4-61:19
32        android:appComponentFactory="androidx.core.app.CoreComponentFactory"
32-->[androidx.core:core:1.5.0] AndroidManifest.xml:24:18-86
33        android:debuggable="true"
34        android:icon="@mipmap/ic_launcher"
34-->src\main\AndroidManifest.xml:18:9-43
35        android:label="Water Drinking Reminder"
35-->src\main\AndroidManifest.xml:17:9-48
36        android:requestLegacyExternalStorage="true" >
36-->src\main\AndroidManifest.xml:16:9-52
37        <activity
37-->src\main\AndroidManifest.xml:19:9-49:20
38            android:name="com.waterdrinkreminder.MainActivity"
38-->src\main\AndroidManifest.xml:22:13-41
39            android:configChanges="orientation|keyboardHidden|keyboard|screenSize|smallestScreenSize|locale|layoutDirection|fontScale|screenLayout|density|uiMode"
39-->src\main\AndroidManifest.xml:25:13-163
40            android:hardwareAccelerated="true"
40-->src\main\AndroidManifest.xml:26:13-47
41            android:launchMode="singleTop"
41-->src\main\AndroidManifest.xml:23:13-43
42            android:showWhenLocked="true"
42-->src\main\AndroidManifest.xml:20:13-42
43            android:theme="@style/LaunchTheme"
43-->src\main\AndroidManifest.xml:24:13-47
44            android:turnScreenOn="true"
44-->src\main\AndroidManifest.xml:21:13-40
45            android:windowSoftInputMode="adjustResize" >
45-->src\main\AndroidManifest.xml:27:13-55
46
47            <!--
48                 Specifies an Android theme to apply to this Activity as soon as
49                 the Android process has started. This theme is visible to the user
50                 while the Flutter UI initializes. After that, this theme continues
51                 to determine the Window background behind the Flutter UI.
52            -->
53            <meta-data
53-->src\main\AndroidManifest.xml:32:13-35:17
54                android:name="io.flutter.embedding.android.NormalTheme"
54-->src\main\AndroidManifest.xml:33:15-70
55                android:resource="@style/NormalTheme" />
55-->src\main\AndroidManifest.xml:34:15-52
56            <!--
57                 Displays an Android View that continues showing the launch screen
58                 Drawable until Flutter paints its first frame, then this splash
59                 screen fades out. A splash screen is useful to avoid any visual
60                 gap between the end of Android's launch screen and the painting of
61                 Flutter's first frame.
62            -->
63            <meta-data
63-->src\main\AndroidManifest.xml:41:13-44:17
64                android:name="io.flutter.embedding.android.SplashScreenDrawable"
64-->src\main\AndroidManifest.xml:42:15-79
65                android:resource="@drawable/launch_background" />
65-->src\main\AndroidManifest.xml:43:15-61
66
67            <intent-filter>
67-->src\main\AndroidManifest.xml:45:13-48:29
68                <action android:name="android.intent.action.MAIN" />
68-->src\main\AndroidManifest.xml:46:17-68
68-->src\main\AndroidManifest.xml:46:25-66
69
70                <category android:name="android.intent.category.LAUNCHER" />
70-->src\main\AndroidManifest.xml:47:17-76
70-->src\main\AndroidManifest.xml:47:27-74
71            </intent-filter>
72        </activity>
73        <!--
74             Don't delete the meta-data below.
75             This is used by the Flutter tool to generate GeneratedPluginRegistrant.java
76        -->
77
78        <activity
78-->src\main\AndroidManifest.xml:53:8-56:70
79            android:name="com.yalantis.ucrop.UCropActivity"
79-->src\main\AndroidManifest.xml:54:12-59
80            android:screenOrientation="portrait"
80-->src\main\AndroidManifest.xml:55:12-48
81            android:theme="@style/Theme.AppCompat.Light.NoActionBar" />
81-->src\main\AndroidManifest.xml:56:12-68
82
83        <meta-data
83-->src\main\AndroidManifest.xml:58:9-60:33
84            android:name="flutterEmbedding"
84-->src\main\AndroidManifest.xml:59:13-44
85            android:value="2" />
85-->src\main\AndroidManifest.xml:60:13-30
86
87        <service
87-->[:firebase_auth] AndroidManifest.xml:8:9-12:19
88            android:name="com.google.firebase.components.ComponentDiscoveryService"
88-->[:firebase_auth] AndroidManifest.xml:8:18-89
89            android:directBootAware="true"
89-->[com.google.firebase:firebase-common:20.0.0] AndroidManifest.xml:35:13-43
90            android:exported="false" >
90-->[com.google.firebase:firebase-auth:21.0.1] AndroidManifest.xml:76:13-37
91            <meta-data
91-->[:firebase_auth] AndroidManifest.xml:9:13-11:85
92                android:name="com.google.firebase.components:io.flutter.plugins.firebase.auth.FlutterFirebaseAuthRegistrar"
92-->[:firebase_auth] AndroidManifest.xml:10:17-124
93                android:value="com.google.firebase.components.ComponentRegistrar" />
93-->[:firebase_auth] AndroidManifest.xml:11:17-82
94            <meta-data
94-->[:firebase_core] AndroidManifest.xml:9:13-11:85
95                android:name="com.google.firebase.components:io.flutter.plugins.firebase.core.FlutterFirebaseCoreRegistrar"
95-->[:firebase_core] AndroidManifest.xml:10:17-124
96                android:value="com.google.firebase.components.ComponentRegistrar" />
96-->[:firebase_core] AndroidManifest.xml:11:17-82
97            <meta-data
97-->[com.google.firebase:firebase-auth:21.0.1] AndroidManifest.xml:77:13-79:85
98                android:name="com.google.firebase.components:com.google.firebase.auth.FirebaseAuthRegistrar"
98-->[com.google.firebase:firebase-auth:21.0.1] AndroidManifest.xml:78:17-109
99                android:value="com.google.firebase.components.ComponentRegistrar" />
99-->[com.google.firebase:firebase-auth:21.0.1] AndroidManifest.xml:79:17-82
100        </service>
101
102        <receiver android:name="com.dexterous.flutterlocalnotifications.ScheduledNotificationReceiver" />
102-->[:flutter_local_notifications] AndroidManifest.xml:12:9-106
102-->[:flutter_local_notifications] AndroidManifest.xml:12:19-103
103        <receiver android:name="com.dexterous.flutterlocalnotifications.ScheduledNotificationBootReceiver" >
103-->[:flutter_local_notifications] AndroidManifest.xml:13:9-20:20
103-->[:flutter_local_notifications] AndroidManifest.xml:13:19-107
104            <intent-filter>
104-->[:flutter_local_notifications] AndroidManifest.xml:14:13-19:29
105                <action android:name="android.intent.action.BOOT_COMPLETED" />
105-->[:flutter_local_notifications] AndroidManifest.xml:15:17-79
105-->[:flutter_local_notifications] AndroidManifest.xml:15:25-76
106                <action android:name="android.intent.action.MY_PACKAGE_REPLACED" />
106-->[:flutter_local_notifications] AndroidManifest.xml:16:17-84
106-->[:flutter_local_notifications] AndroidManifest.xml:16:25-81
107                <action android:name="android.intent.action.QUICKBOOT_POWERON" />
107-->[:flutter_local_notifications] AndroidManifest.xml:17:17-82
107-->[:flutter_local_notifications] AndroidManifest.xml:17:25-79
108                <action android:name="com.htc.intent.action.QUICKBOOT_POWERON" />
108-->[:flutter_local_notifications] AndroidManifest.xml:18:17-82
108-->[:flutter_local_notifications] AndroidManifest.xml:18:25-79
109            </intent-filter>
110        </receiver>
111
112        <activity
112-->[:url_launcher] AndroidManifest.xml:8:9-11:74
113            android:name="io.flutter.plugins.urllauncher.WebViewActivity"
113-->[:url_launcher] AndroidManifest.xml:9:13-74
114            android:exported="false"
114-->[:url_launcher] AndroidManifest.xml:10:13-37
115            android:theme="@android:style/Theme.NoTitleBar.Fullscreen" />
115-->[:url_launcher] AndroidManifest.xml:11:13-71
116
117        <provider
117-->[:share] AndroidManifest.xml:8:9-16:20
118            android:name="io.flutter.plugins.share.ShareFileProvider"
118-->[:share] AndroidManifest.xml:9:13-70
119            android:authorities="com.waterdrinkreminder.flutter.share_provider"
119-->[:share] AndroidManifest.xml:10:13-74
120            android:exported="false"
120-->[:share] AndroidManifest.xml:11:13-37
121            android:grantUriPermissions="true" >
121-->[:share] AndroidManifest.xml:12:13-47
122            <meta-data
122-->[:share] AndroidManifest.xml:13:13-15:68
123                android:name="android.support.FILE_PROVIDER_PATHS"
123-->[:share] AndroidManifest.xml:14:17-67
124                android:resource="@xml/flutter_share_file_paths" />
124-->[:share] AndroidManifest.xml:15:17-65
125        </provider>
126        <provider
126-->[com.sangcomz:FishBun:0.11.2] AndroidManifest.xml:12:9-20:20
127            android:name="com.sangcomz.fishbun.FishBunFileProvider"
127-->[com.sangcomz:FishBun:0.11.2] AndroidManifest.xml:13:13-68
128            android:authorities="com.waterdrinkreminder.fishbunfileprovider"
128-->[com.sangcomz:FishBun:0.11.2] AndroidManifest.xml:14:13-71
129            android:exported="false"
129-->[com.sangcomz:FishBun:0.11.2] AndroidManifest.xml:15:13-37
130            android:grantUriPermissions="true" >
130-->[com.sangcomz:FishBun:0.11.2] AndroidManifest.xml:16:13-47
131            <meta-data
131-->[:share] AndroidManifest.xml:13:13-15:68
132                android:name="android.support.FILE_PROVIDER_PATHS"
132-->[:share] AndroidManifest.xml:14:17-67
133                android:resource="@xml/provider_paths" />
133-->[:share] AndroidManifest.xml:15:17-65
134        </provider>
135
136        <activity
136-->[com.sangcomz:FishBun:0.11.2] AndroidManifest.xml:22:9-25:51
137            android:name="com.sangcomz.fishbun.ui.album.AlbumActivity"
137-->[com.sangcomz:FishBun:0.11.2] AndroidManifest.xml:23:13-71
138            android:label="@string/album"
138-->[com.sangcomz:FishBun:0.11.2] AndroidManifest.xml:24:13-42
139            android:theme="@style/FishBunTheme" />
139-->[com.sangcomz:FishBun:0.11.2] AndroidManifest.xml:25:13-48
140        <activity
140-->[com.sangcomz:FishBun:0.11.2] AndroidManifest.xml:26:9-28:51
141            android:name="com.sangcomz.fishbun.ui.picker.PickerActivity"
141-->[com.sangcomz:FishBun:0.11.2] AndroidManifest.xml:27:13-73
142            android:theme="@style/FishBunTheme" />
142-->[com.sangcomz:FishBun:0.11.2] AndroidManifest.xml:28:13-48
143        <activity
143-->[com.sangcomz:FishBun:0.11.2] AndroidManifest.xml:29:9-31:54
144            android:name="com.sangcomz.fishbun.ui.detail.DetailActivity"
144-->[com.sangcomz:FishBun:0.11.2] AndroidManifest.xml:30:13-73
145            android:theme="@style/DetailViewTheme" />
145-->[com.sangcomz:FishBun:0.11.2] AndroidManifest.xml:31:13-51
146        <activity
146-->[com.google.firebase:firebase-auth:21.0.1] AndroidManifest.xml:27:9-44:20
147            android:name="com.google.firebase.auth.internal.GenericIdpActivity"
147-->[com.google.firebase:firebase-auth:21.0.1] AndroidManifest.xml:28:13-80
148            android:excludeFromRecents="true"
148-->[com.google.firebase:firebase-auth:21.0.1] AndroidManifest.xml:29:13-46
149            android:exported="true"
149-->[com.google.firebase:firebase-auth:21.0.1] AndroidManifest.xml:30:13-36
150            android:launchMode="singleTask"
150-->[com.google.firebase:firebase-auth:21.0.1] AndroidManifest.xml:31:13-44
151            android:theme="@android:style/Theme.Translucent.NoTitleBar" >
151-->[com.google.firebase:firebase-auth:21.0.1] AndroidManifest.xml:32:13-72
152            <intent-filter>
152-->[com.google.firebase:firebase-auth:21.0.1] AndroidManifest.xml:33:13-43:29
153                <action android:name="android.intent.action.VIEW" />
153-->[com.google.firebase:firebase-auth:21.0.1] AndroidManifest.xml:34:17-69
153-->[com.google.firebase:firebase-auth:21.0.1] AndroidManifest.xml:34:25-66
154
155                <category android:name="android.intent.category.DEFAULT" />
155-->[com.google.firebase:firebase-auth:21.0.1] AndroidManifest.xml:36:17-76
155-->[com.google.firebase:firebase-auth:21.0.1] AndroidManifest.xml:36:27-73
156                <category android:name="android.intent.category.BROWSABLE" />
156-->[com.google.firebase:firebase-auth:21.0.1] AndroidManifest.xml:37:17-78
156-->[com.google.firebase:firebase-auth:21.0.1] AndroidManifest.xml:37:27-75
157
158                <data
158-->[com.google.firebase:firebase-auth:21.0.1] AndroidManifest.xml:39:17-42:51
159                    android:host="firebase.auth"
159-->[com.google.firebase:firebase-auth:21.0.1] AndroidManifest.xml:40:21-49
160                    android:path="/"
160-->[com.google.firebase:firebase-auth:21.0.1] AndroidManifest.xml:41:21-37
161                    android:scheme="genericidp" />
161-->[com.google.firebase:firebase-auth:21.0.1] AndroidManifest.xml:42:21-48
162            </intent-filter>
163        </activity>
164        <activity
164-->[com.google.firebase:firebase-auth:21.0.1] AndroidManifest.xml:45:9-62:20
165            android:name="com.google.firebase.auth.internal.RecaptchaActivity"
165-->[com.google.firebase:firebase-auth:21.0.1] AndroidManifest.xml:46:13-79
166            android:excludeFromRecents="true"
166-->[com.google.firebase:firebase-auth:21.0.1] AndroidManifest.xml:47:13-46
167            android:exported="true"
167-->[com.google.firebase:firebase-auth:21.0.1] AndroidManifest.xml:48:13-36
168            android:launchMode="singleTask"
168-->[com.google.firebase:firebase-auth:21.0.1] AndroidManifest.xml:49:13-44
169            android:theme="@android:style/Theme.Translucent.NoTitleBar" >
169-->[com.google.firebase:firebase-auth:21.0.1] AndroidManifest.xml:50:13-72
170            <intent-filter>
170-->[com.google.firebase:firebase-auth:21.0.1] AndroidManifest.xml:51:13-61:29
171                <action android:name="android.intent.action.VIEW" />
171-->[com.google.firebase:firebase-auth:21.0.1] AndroidManifest.xml:34:17-69
171-->[com.google.firebase:firebase-auth:21.0.1] AndroidManifest.xml:34:25-66
172
173                <category android:name="android.intent.category.DEFAULT" />
173-->[com.google.firebase:firebase-auth:21.0.1] AndroidManifest.xml:36:17-76
173-->[com.google.firebase:firebase-auth:21.0.1] AndroidManifest.xml:36:27-73
174                <category android:name="android.intent.category.BROWSABLE" />
174-->[com.google.firebase:firebase-auth:21.0.1] AndroidManifest.xml:37:17-78
174-->[com.google.firebase:firebase-auth:21.0.1] AndroidManifest.xml:37:27-75
175
176                <data
176-->[com.google.firebase:firebase-auth:21.0.1] AndroidManifest.xml:39:17-42:51
177                    android:host="firebase.auth"
177-->[com.google.firebase:firebase-auth:21.0.1] AndroidManifest.xml:40:21-49
178                    android:path="/"
178-->[com.google.firebase:firebase-auth:21.0.1] AndroidManifest.xml:41:21-37
179                    android:scheme="recaptcha" />
179-->[com.google.firebase:firebase-auth:21.0.1] AndroidManifest.xml:42:21-48
180            </intent-filter>
181        </activity>
182
183        <service
183-->[com.google.firebase:firebase-auth:21.0.1] AndroidManifest.xml:64:9-73:19
184            android:name="com.google.firebase.auth.api.fallback.service.FirebaseAuthFallbackService"
184-->[com.google.firebase:firebase-auth:21.0.1] AndroidManifest.xml:65:13-101
185            android:enabled="true"
185-->[com.google.firebase:firebase-auth:21.0.1] AndroidManifest.xml:66:13-35
186            android:exported="false" >
186-->[com.google.firebase:firebase-auth:21.0.1] AndroidManifest.xml:67:13-37
187            <intent-filter>
187-->[com.google.firebase:firebase-auth:21.0.1] AndroidManifest.xml:68:13-72:29
188                <action android:name="com.google.firebase.auth.api.gms.service.START" />
188-->[com.google.firebase:firebase-auth:21.0.1] AndroidManifest.xml:69:17-89
188-->[com.google.firebase:firebase-auth:21.0.1] AndroidManifest.xml:69:25-86
189
190                <category android:name="android.intent.category.DEFAULT" />
190-->[com.google.firebase:firebase-auth:21.0.1] AndroidManifest.xml:36:17-76
190-->[com.google.firebase:firebase-auth:21.0.1] AndroidManifest.xml:36:27-73
191            </intent-filter>
192        </service>
193
194        <provider
194-->[com.google.firebase:firebase-common:20.0.0] AndroidManifest.xml:26:9-31:39
195            android:name="com.google.firebase.provider.FirebaseInitProvider"
195-->[com.google.firebase:firebase-common:20.0.0] AndroidManifest.xml:27:13-77
196            android:authorities="com.waterdrinkreminder.firebaseinitprovider"
196-->[com.google.firebase:firebase-common:20.0.0] AndroidManifest.xml:28:13-72
197            android:directBootAware="true"
197-->[com.google.firebase:firebase-common:20.0.0] AndroidManifest.xml:29:13-43
198            android:exported="false"
198-->[com.google.firebase:firebase-common:20.0.0] AndroidManifest.xml:30:13-37
199            android:initOrder="100" />
199-->[com.google.firebase:firebase-common:20.0.0] AndroidManifest.xml:31:13-36
200
201        <activity
201-->[com.google.android.gms:play-services-base:17.1.0] AndroidManifest.xml:23:9-26:75
202            android:name="com.google.android.gms.common.api.GoogleApiActivity"
202-->[com.google.android.gms:play-services-base:17.1.0] AndroidManifest.xml:24:13-79
203            android:exported="false"
203-->[com.google.android.gms:play-services-base:17.1.0] AndroidManifest.xml:25:13-37
204            android:theme="@android:style/Theme.Translucent.NoTitleBar" />
204-->[com.google.android.gms:play-services-base:17.1.0] AndroidManifest.xml:26:13-72
205
206        <meta-data
206-->[com.google.android.gms:play-services-basement:17.1.0] AndroidManifest.xml:23:9-25:69
207            android:name="com.google.android.gms.version"
207-->[com.google.android.gms:play-services-basement:17.1.0] AndroidManifest.xml:24:13-58
208            android:value="@integer/google_play_services_version" /> <!-- The activities will be merged into the manifest of the hosting app. -->
208-->[com.google.android.gms:play-services-basement:17.1.0] AndroidManifest.xml:25:13-66
209        <activity
209-->[com.google.android.play:core:1.8.0] AndroidManifest.xml:12:5-271
210            android:name="com.google.android.play.core.missingsplits.PlayCoreMissingSplitsActivity"
210-->[com.google.android.play:core:1.8.0] AndroidManifest.xml:12:15-102
211            android:enabled="false"
211-->[com.google.android.play:core:1.8.0] AndroidManifest.xml:12:103-126
212            android:exported="false"
212-->[com.google.android.play:core:1.8.0] AndroidManifest.xml:12:127-151
213            android:launchMode="singleInstance"
213-->[com.google.android.play:core:1.8.0] AndroidManifest.xml:12:204-239
214            android:process=":playcore_missing_splits_activity"
214-->[com.google.android.play:core:1.8.0] AndroidManifest.xml:12:152-203
215            android:stateNotNeeded="true" />
215-->[com.google.android.play:core:1.8.0] AndroidManifest.xml:12:240-269
216        <activity
216-->[com.google.android.play:core:1.8.0] AndroidManifest.xml:13:5-226
217            android:name="com.google.android.play.core.common.PlayCoreDialogWrapperActivity"
217-->[com.google.android.play:core:1.8.0] AndroidManifest.xml:13:15-95
218            android:enabled="false"
218-->[com.google.android.play:core:1.8.0] AndroidManifest.xml:13:96-119
219            android:exported="false"
219-->[com.google.android.play:core:1.8.0] AndroidManifest.xml:13:120-144
220            android:stateNotNeeded="true"
220-->[com.google.android.play:core:1.8.0] AndroidManifest.xml:13:145-174
221            android:theme="@style/Theme.PlayCore.Transparent" /> <!-- The service will be merged into the manifest of the hosting app. -->
221-->[com.google.android.play:core:1.8.0] AndroidManifest.xml:13:175-224
222        <service
222-->[com.google.android.play:core:1.8.0] AndroidManifest.xml:16:5-145
223            android:name="com.google.android.play.core.assetpacks.AssetPackExtractionService"
223-->[com.google.android.play:core:1.8.0] AndroidManifest.xml:16:14-95
224            android:enabled="false"
224-->[com.google.android.play:core:1.8.0] AndroidManifest.xml:16:96-119
225            android:exported="true" />
225-->[com.google.android.play:core:1.8.0] AndroidManifest.xml:16:120-143
226    </application>
227
228</manifest>